<?xml version="1.0" encoding="UTF-8"?>
<testsuite name="redlib.backend.WebBackendApplicationTests" tests="1" skipped="0" failures="0" errors="0" timestamp="2025-03-26T02:30:30" hostname="ROG-STRIX-7P" time="0.738">
  <properties/>
  <testcase name="testAnalyze()" classname="redlib.backend.WebBackendApplicationTests" time="0.738"/>
  <system-out><![CDATA[10:30:27.794 [Test worker] INFO org.springframework.test.context.support.AnnotationConfigContextLoaderUtils -- Could not detect default configuration classes for test class [redlib.backend.WebBackendApplicationTests]: WebBackendApplicationTests does not declare any static, non-private, non-final, nested classes annotated with @Configuration.
10:30:27.878 [Test worker] INFO org.springframework.boot.test.context.SpringBootTestContextBootstrapper -- Found @SpringBootConfiguration redlib.backend.WebBackendApplication for test class redlib.backend.WebBackendApplicationTests

  .   ____          _            __ _ _
 /\\ / ___'_ __ _ _(_)_ __  __ _ \ \ \ \
( ( )\___ | '_ | '_| | '_ \/ _` | \ \ \ \
 \\/  ___)| |_)| | | | | || (_| |  ) ) ) )
  '  |____| .__|_| |_|_| |_\__, | / / / /
 =========|_|==============|___/=/_/_/_/
 :: Spring Boot ::                (v3.2.0)

2025-03-26T10:30:28.194+08:00  INFO 32012 --- [    Test worker] r.backend.WebBackendApplicationTests     : Starting WebBackendApplicationTests using Java 17.0.12 with PID 32012 (started by Skywalker in E:\IntellijIdeaProjects\web-backend-master)
2025-03-26T10:30:28.195+08:00 DEBUG 32012 --- [    Test worker] r.backend.WebBackendApplicationTests     : Running with Spring Boot v3.2.0, Spring v6.1.1
2025-03-26T10:30:28.195+08:00  INFO 32012 --- [    Test worker] r.backend.WebBackendApplicationTests     : No active profile set, falling back to 1 default profile: "default"
2025-03-26T10:30:29.752+08:00  INFO 32012 --- [    Test worker] o.s.b.a.w.s.WelcomePageHandlerMapping    : Adding welcome page: class path resource [static/index.html]
2025-03-26T10:30:30.209+08:00  INFO 32012 --- [    Test worker] r.backend.WebBackendApplicationTests     : Started WebBackendApplicationTests in 2.216 seconds (process running for 3.452)
]]></system-out>
  <system-err><![CDATA[]]></system-err>
</testsuite>
